2018.02.19
Skychain.Models
Убрал задублированное свойство StateDescription.
Реализация изменений в Public API: реализовано получение входящих файлов для InferenceContext.
Добавлены методы экранирования текстового содержимого EncodeHtml(), EncodeXml().

2018.02.18
Skychain.Models
Добавлен идентификатор состояния нейросети в рамках версии нейросети ISkyNetworkState.InternalID.
Реализован сервис обработки запросов к нейросети. Добавил свойство Succeed.
Реализован сервис обработки запросов тренировки нейросети.
Реализован вызов библиотек нейросетей для обучения и получения результатов.
Добавлено свойство для получения контента файла.
Добавлена простановка имени результирующего состояния.

2018.02.16
Skychain.Models
Изменил тип свойств StartTime и EndTime на поддержку нулевых значений.

2018.02.13
Skychain.Models
Добавлен идентификатор версии нейросети в рамках нейросети ISkyNetworkVersion.InternalID.
Добавлен DbSet состояний сети.

2018.02.12
Skychain.Models
Авторизация для файлового хранилища.
Исправлено обновление только что созданного объекта.
Метод UpdateEpochNumbers переименован в UpdateEpochs. Отладка.
Исправлено обновление эпох.
Метод получения сессионных сылок на файл из хранилища.

2018.02.11
Skychain.Models
Добавлены биндинги модели на таблицы.
Адрес сервиса хранилища вынесен в конфиг.

2018.02.09
Skychain.Models
Убрал SkyProfileType.Undefined.

2018.02.08
Skychain.Models
Сделана обработка состояния нейросети.
Сделано каскадное удаление объектов.
Реализована модель системы.
Оптимизировано удаление запросов к состоянию нейросети.

2018.02.07
Skychain.Models
Сделана загрузка файлов в хранилище. Отладка.
Добавлено изображение профиля.
Изменена работа с файлами - убрал прямые ссылки на интерфесы Storage, добавил возможность загружать ReadOnly-файлы.
Сделал обработку эпох.
Удалил неиспользуемое свойство ISkyObject.Adapter и сложные типизированные Generic-объявления вместе с ним.

2018.02.06
Skychain.Models
Изменил получение профиля по пользователю.
Исправлено получение всех объектов.
Добавлены свойства в профиле. Отладка.
Сделал internal-set для свойств Entity-объектов.
Отлажена модель получения объектов.
Добавлен объект пользователя для работы с профилем и запросами к сетям.
Добавлены интерфейсы всех основных объектов системы.
Добавлена конфигурация SkyEntityContext с определением фабрики контекста.
Разработка модели. Добавлены проверки для текущего пользователя и профиля.

2018.02.05
Skychain.Models
Исправлена ошибка обновления существующего объекта.
Сделана единая модель интерфейсов и адаптеров объектов.

2018.02.04
Skychain.Models
Разработка модели Skychain.